<?xml version="1.0" encoding="UTF-8"?>
<!-- Generated by org.testng.reporters.JUnitXMLReporter -->
<testsuite ignored="1" hostname="Deepak" failures="0" tests="1" name="Default test" time="29.432" errors="0" timestamp="2022-07-19T17:44:17 IST">
  <testcase classname="com.fb.testcases.SignUpPageTest" name="signUpTest" time="8.845"/>
  <testcase classname="com.fb.testcases.SignUpPageTest" name="signUpPageTitleTest" time="0.0">
    <ignored/>
  </testcase> <!-- signUpPageTitleTest -->
</testsuite> <!-- Default test -->
