<?xml version="1.0" encoding="UTF-8"?>
<!-- Generated by org.testng.reporters.JUnitXMLReporter -->
<testsuite ignored="0" hostname="Deepak" failures="0" tests="7" name="Test" time="150.033" errors="0" timestamp="2022-07-20T15:05:44 IST">
  <testcase classname="com.fb.testcases.LoginPageTest" name="loginPageTitleTest" time="0.533"/>
  <testcase classname="com.fb.testcases.LoginPageTest" name="loginTest" time="5.536"/>
  <testcase classname="com.fb.testcases.SignUpPageTest" name="signUpPageTitleTest" time="0.02"/>
  <testcase classname="com.fb.testcases.SignUpPageTest" name="signUpTest" time="12.499"/>
  <testcase classname="com.fb.testcases.HomePageTest" name="HomePageUserProfileTest" time="11.91"/>
  <testcase classname="com.fb.testcases.HomePageTest" name="homePageTest" time="7.907"/>
  <testcase classname="com.fb.testcases.LoginPageDataDrivenTest" name="loginTest" time="0.006"/>
</testsuite> <!-- Test -->
