<?xml version="1.0" encoding="UTF-8"?>
<testng-results ignored="0" total="7" passed="7" failed="0" skipped="0">
  <reporter-output>
  </reporter-output>
  <suite started-at="2022-07-20T15:03:14 IST" name="FacebookApplication" finished-at="2022-07-20T15:05:44 IST" duration-ms="150033">
    <groups>
    </groups>
    <test started-at="2022-07-20T15:03:14 IST" name="Test" finished-at="2022-07-20T15:05:44 IST" duration-ms="150033">
      <class name="com.fb.testcases.LoginPageTest">
        <test-method is-config="true" signature="setUp()[pri:0, instance:com.fb.testcases.LoginPageTest@6a8658ff]" started-at="2022-07-20T15:03:14 IST" name="setUp" finished-at="2022-07-20T15:03:26 IST" duration-ms="12636" status="PASS">
          <reporter-output>
          </reporter-output>
        </test-method> <!-- setUp -->
        <test-method signature="loginPageTitleTest()[pri:1, instance:com.fb.testcases.LoginPageTest@6a8658ff]" started-at="2022-07-20T15:03:26 IST" name="loginPageTitleTest" finished-at="2022-07-20T15:03:27 IST" duration-ms="533" status="PASS">
          <reporter-output>
          </reporter-output>
        </test-method> <!-- loginPageTitleTest -->
        <test-method is-config="true" signature="tearDown()[pri:0, instance:com.fb.testcases.LoginPageTest@6a8658ff]" started-at="2022-07-20T15:03:27 IST" name="tearDown" finished-at="2022-07-20T15:03:31 IST" duration-ms="4279" status="PASS">
          <reporter-output>
          </reporter-output>
        </test-method> <!-- tearDown -->
        <test-method is-config="true" signature="setUp()[pri:0, instance:com.fb.testcases.LoginPageTest@6a8658ff]" started-at="2022-07-20T15:03:31 IST" name="setUp" finished-at="2022-07-20T15:03:42 IST" duration-ms="11062" status="PASS">
          <reporter-output>
          </reporter-output>
        </test-method> <!-- setUp -->
        <test-method signature="loginTest()[pri:2, instance:com.fb.testcases.LoginPageTest@6a8658ff]" started-at="2022-07-20T15:03:42 IST" name="loginTest" finished-at="2022-07-20T15:03:48 IST" duration-ms="5536" status="PASS">
          <reporter-output>
          </reporter-output>
        </test-method> <!-- loginTest -->
        <test-method is-config="true" signature="tearDown()[pri:0, instance:com.fb.testcases.LoginPageTest@6a8658ff]" started-at="2022-07-20T15:03:48 IST" name="tearDown" finished-at="2022-07-20T15:03:52 IST" duration-ms="4236" status="PASS">
          <reporter-output>
          </reporter-output>
        </test-method> <!-- tearDown -->
      </class> <!-- com.fb.testcases.LoginPageTest -->
      <class name="com.fb.testcases.SignUpPageTest">
        <test-method is-config="true" signature="setUp()[pri:0, instance:com.fb.testcases.SignUpPageTest@6933b6c6]" started-at="2022-07-20T15:03:52 IST" name="setUp" finished-at="2022-07-20T15:04:04 IST" duration-ms="11832" status="PASS">
          <reporter-output>
          </reporter-output>
        </test-method> <!-- setUp -->
        <test-method signature="signUpPageTitleTest()[pri:1, instance:com.fb.testcases.SignUpPageTest@6933b6c6]" started-at="2022-07-20T15:04:04 IST" name="signUpPageTitleTest" finished-at="2022-07-20T15:04:04 IST" duration-ms="20" status="PASS">
          <reporter-output>
          </reporter-output>
        </test-method> <!-- signUpPageTitleTest -->
        <test-method is-config="true" signature="tearDown()[pri:0, instance:com.fb.testcases.SignUpPageTest@6933b6c6]" started-at="2022-07-20T15:04:04 IST" name="tearDown" finished-at="2022-07-20T15:04:08 IST" duration-ms="4219" status="PASS">
          <reporter-output>
          </reporter-output>
        </test-method> <!-- tearDown -->
        <test-method is-config="true" signature="setUp()[pri:0, instance:com.fb.testcases.SignUpPageTest@6933b6c6]" started-at="2022-07-20T15:04:08 IST" name="setUp" finished-at="2022-07-20T15:04:17 IST" duration-ms="9022" status="PASS">
          <reporter-output>
          </reporter-output>
        </test-method> <!-- setUp -->
        <test-method signature="signUpTest()[pri:2, instance:com.fb.testcases.SignUpPageTest@6933b6c6]" started-at="2022-07-20T15:04:17 IST" name="signUpTest" finished-at="2022-07-20T15:04:30 IST" duration-ms="12499" status="PASS">
          <reporter-output>
          </reporter-output>
        </test-method> <!-- signUpTest -->
        <test-method is-config="true" signature="tearDown()[pri:0, instance:com.fb.testcases.SignUpPageTest@6933b6c6]" started-at="2022-07-20T15:04:30 IST" name="tearDown" finished-at="2022-07-20T15:04:34 IST" duration-ms="4195" status="PASS">
          <reporter-output>
          </reporter-output>
        </test-method> <!-- tearDown -->
      </class> <!-- com.fb.testcases.SignUpPageTest -->
      <class name="com.fb.testcases.LoginPageDataDrivenTest">
        <test-method is-config="true" signature="setUp()[pri:0, instance:com.fb.testcases.LoginPageDataDrivenTest@7dfb0c0f]" started-at="2022-07-20T15:05:33 IST" name="setUp" finished-at="2022-07-20T15:05:43 IST" duration-ms="10300" status="PASS">
          <reporter-output>
          </reporter-output>
        </test-method> <!-- setUp -->
        <test-method signature="loginTest(java.lang.String,java.lang.String)[pri:0, instance:com.fb.testcases.LoginPageDataDrivenTest@7dfb0c0f]" started-at="2022-07-20T15:05:43 IST" name="loginTest" data-provider="LoginData" finished-at="2022-07-20T15:05:43 IST" duration-ms="6" status="PASS">
          <params>
            <param index="0">
              <value>
                <![CDATA[turnlife27deepak@gmail.ocm]]>
              </value>
            </param>
            <param index="1">
              <value>
                <![CDATA[admin@123]]>
              </value>
            </param>
          </params>
          <reporter-output>
          </reporter-output>
        </test-method> <!-- loginTest -->
        <test-method is-config="true" signature="tearDown()[pri:0, instance:com.fb.testcases.LoginPageDataDrivenTest@7dfb0c0f]" started-at="2022-07-20T15:05:43 IST" name="tearDown" finished-at="2022-07-20T15:05:44 IST" duration-ms="416" status="PASS">
          <reporter-output>
          </reporter-output>
        </test-method> <!-- tearDown -->
      </class> <!-- com.fb.testcases.LoginPageDataDrivenTest -->
      <class name="com.fb.testcases.HomePageTest">
        <test-method is-config="true" signature="setUp()[pri:0, instance:com.fb.testcases.HomePageTest@7d3e8655]" started-at="2022-07-20T15:04:34 IST" name="setUp" finished-at="2022-07-20T15:04:45 IST" duration-ms="10650" status="PASS">
          <reporter-output>
          </reporter-output>
        </test-method> <!-- setUp -->
        <test-method signature="HomePageUserProfileTest()[pri:2, instance:com.fb.testcases.HomePageTest@7d3e8655]" started-at="2022-07-20T15:04:45 IST" name="HomePageUserProfileTest" finished-at="2022-07-20T15:04:57 IST" duration-ms="11910" status="PASS">
          <reporter-output>
          </reporter-output>
        </test-method> <!-- HomePageUserProfileTest -->
        <test-method is-config="true" signature="tearDown()[pri:0, instance:com.fb.testcases.HomePageTest@7d3e8655]" started-at="2022-07-20T15:04:57 IST" name="tearDown" finished-at="2022-07-20T15:04:57 IST" duration-ms="727" status="PASS">
          <reporter-output>
          </reporter-output>
        </test-method> <!-- tearDown -->
        <test-method is-config="true" signature="setUp()[pri:0, instance:com.fb.testcases.HomePageTest@7d3e8655]" started-at="2022-07-20T15:04:57 IST" name="setUp" finished-at="2022-07-20T15:05:20 IST" duration-ms="22718" status="PASS">
          <reporter-output>
          </reporter-output>
        </test-method> <!-- setUp -->
        <test-method signature="homePageTest()[pri:1, instance:com.fb.testcases.HomePageTest@7d3e8655]" started-at="2022-07-20T15:05:20 IST" name="homePageTest" finished-at="2022-07-20T15:05:28 IST" duration-ms="7907" status="PASS">
          <reporter-output>
          </reporter-output>
        </test-method> <!-- homePageTest -->
        <test-method is-config="true" signature="tearDown()[pri:0, instance:com.fb.testcases.HomePageTest@7d3e8655]" started-at="2022-07-20T15:05:28 IST" name="tearDown" finished-at="2022-07-20T15:05:28 IST" duration-ms="268" status="PASS">
          <reporter-output>
          </reporter-output>
        </test-method> <!-- tearDown -->
      </class> <!-- com.fb.testcases.HomePageTest -->
    </test> <!-- Test -->
  </suite> <!-- FacebookApplication -->
</testng-results>
